Removed Pin From Net: NetName=3.3V Pin=C2-2
Removed Pin From Net: NetName=3.3V Pin=C4-2
Removed Pin From Net: NetName=3.3V Pin=C5-1
Removed Pin From Net: NetName=3.3V Pin=C5-2
Removed Pin From Net: NetName=3.3V Pin=C7-2
Removed Pin From Net: NetName=3.3V Pin=C8-2
Removed Pin From Net: NetName=3.3V Pin=C9-1
Removed Pin From Net: NetName=3.3V Pin=C9-2
Removed Pin From Net: NetName=3.3V Pin=J1-4
Removed Pin From Net: NetName=3.3V Pin=J2-1
Removed Pin From Net: NetName=3.3V Pin=J3-9
Removed Pin From Net: NetName=3.3V Pin=L1-2
Removed Pin From Net: NetName=3.3V Pin=L2-2
Removed Pin From Net: NetName=3.3V Pin=R3-2
Removed Pin From Net: NetName=3.3V Pin=R4-1
Removed Pin From Net: NetName=3.3V Pin=R5-2
Removed Pin From Net: NetName=3.3V Pin=R6-1
Removed Pin From Net: NetName=3.3V Pin=U1-6
Removed Pin From Net: NetName=3.3V Pin=U1-11
Removed Pin From Net: NetName=3.3V Pin=U1-22
Removed Pin From Net: NetName=3.3V Pin=U1-28
Removed Pin From Net: NetName=3.3V Pin=U1-50
Removed Pin From Net: NetName=3.3V Pin=U1-73
Removed Pin From Net: NetName=3.3V Pin=U1-75
Removed Pin From Net: NetName=3.3V Pin=U1-100
Removed Pin From Net: NetName=3.3V Pin=U2-1
Removed Pin From Net: NetName=3.3V Pin=U3-2
Removed Pin From Net: NetName=3.3V Pin=U4-2
Removed Member From Class: ClassName=U_Buck Converter Member=C1
Removed Member From Class: ClassName=U_Buck Converter Member=C2
Removed Member From Class: ClassName=U_Buck Converter Member=C4
Removed Member From Class: ClassName=U_Buck Converter Member=C5
Removed Member From Class: ClassName=U_Buck Converter Member=L1
Removed Member From Class: ClassName=U_Buck Converter Member=R3
Removed Member From Class: ClassName=U_Buck Converter Member=R4
Removed Member From Class: ClassName=U_Buck Converter Member=U3
Change Net Name : Old Net Name=3.3V New Net Name=GND
Added Pin To Net: NetName=3.3V Pin=C2-2
Added Pin To Net: NetName=3.3V Pin=C4-2
Added Pin To Net: NetName=3.3V Pin=C5-1
Added Pin To Net: NetName=3.3V Pin=C5-2
Added Pin To Net: NetName=3.3V Pin=J2-1
Added Pin To Net: NetName=3.3V Pin=J3-9
Added Pin To Net: NetName=3.3V Pin=L1-2
Added Pin To Net: NetName=3.3V Pin=R3-2
Added Pin To Net: NetName=3.3V Pin=R4-1
Added Pin To Net: NetName=3.3V Pin=U1-6
Added Pin To Net: NetName=3.3V Pin=U1-11
Added Pin To Net: NetName=3.3V Pin=U1-22
Added Pin To Net: NetName=3.3V Pin=U1-28
Added Pin To Net: NetName=3.3V Pin=U1-50
Added Pin To Net: NetName=3.3V Pin=U1-73
Added Pin To Net: NetName=3.3V Pin=U1-75
Added Pin To Net: NetName=3.3V Pin=U1-100
Added Pin To Net: NetName=3.3V Pin=U3-2
Added Net: Name=3.3V
Added Pin To Net: NetName=5V Pin=C7-2
Added Pin To Net: NetName=5V Pin=C8-2
Added Pin To Net: NetName=5V Pin=C9-1
Added Pin To Net: NetName=5V Pin=C9-2
Added Pin To Net: NetName=5V Pin=L2-2
Added Pin To Net: NetName=5V Pin=R5-2
Added Pin To Net: NetName=5V Pin=R6-1
Added Pin To Net: NetName=5V Pin=U2-1
Added Pin To Net: NetName=5V Pin=U4-2
Added Net: Name=5V
Added Class: Name=U_Buck Converter 3.3V
Added Rule: Name=Schematic Supply Nets_1
Added Rule: Name=Schematic Supply Nets_2
