Removed Pin From Net: NetName=NetC1_1 Pin=L1-1
Add Component: Footprint Not Found CONN_PPPC041LGBN-RC_SUL
Add Component: Footprint Not Found CONN_PPPC021_SUL
Add Component: Footprint Not Found CONN_PPPC021_SUL
Add Component: Footprint Not Found U_SOT-23_TEX
Add Component: Footprint Not Found DBV0006A-MFG
Add Pin To Net: Unknown Pin: Pin J1-1
Add Pin To Net: Unknown Pin: Pin J1-2
Add Pin To Net: Unknown Pin: Pin J1-3
Add Pin To Net: Unknown Pin: Pin J1-4
Add Pin To Net: Unknown Pin: Pin J4-1
Add Pin To Net: Unknown Pin: Pin J4-2
Add Pin To Net: Unknown Pin: Pin J5-1
Add Pin To Net: Unknown Pin: Pin J5-2
Added Pin To Net: NetName=NetC1_2 Pin=L1-1
Add Pin To Net: Unknown Pin: Pin U3-1
Add Pin To Net: Unknown Pin: Pin U3-2
Add Pin To Net: Unknown Pin: Pin U3-3
Add Pin To Net: Unknown Pin: Pin U3-4
Add Pin To Net: Unknown Pin: Pin U3-5
Add Pin To Net: Unknown Pin: Pin U3-6
Add Pin To Net: Unknown Pin: Pin U4-1
Add Pin To Net: Unknown Pin: Pin U4-2
Add Pin To Net: Unknown Pin: Pin U4-3
Add Pin To Net: Unknown Pin: Pin U4-4
Add Pin To Net: Unknown Pin: Pin U4-5
Add Pin To Net: Unknown Pin: Pin U4-6
Add Class Member: Failed to add class member : Component J1 PPPC041LGBN-RC
Add Class Member: Failed to add class member : Component J4 PPPC021LFBN-RC
Add Class Member: Failed to add class member : Component J5 PPPC021LFBN-RC
Add Class Member: Failed to add class member : Component U3 PLMR54410DBVR
Add Class Member: Failed to add class member : Component U4 LMR54410DBVR
