Change Footprint: Footprint Not Found RHDR10W70P0X254_1X10_2580X250X865P
Change Footprint: Footprint Not Found RHDR10W70P0X254_1X10_2580X250X865P
Change Component Designator: OldDesignator=C? NewDesignator=C6
Change Component Designator: OldDesignator=U? NewDesignator=U4
Change component parameters: Designator = "J2" ("J2"); Footprint = "CONN_M20-78210xx_HRW"; UniqueID = "\AFTXDHCB" ("\AFTXDHCB")
Change component parameters (AddParameter): Name = "Arrow Part Number"; Value = ""; VariantName = "[No Variations]"
Change component parameters (AddParameter): Name = "Arrow Price/Stock"; Value = ""; VariantName = "[No Variations]"
Change component parameters (AddParameter): Name = "Datasheet Link"; Value = "https://cdn.harwin.com/pdfs/M20-782.pdf"; VariantName = "[No Variations]"
Change component parameters (AddParameter): Name = "Height"; Value = "8.65mm"; VariantName = "[No Variations]"
Change component parameters (AddParameter): Name = "Manufacturer_Name"; Value = "Harwin"; VariantName = "[No Variations]"
Change component parameters (AddParameter): Name = "Manufacturer_Part_Number"; Value = "M20-7821046"; VariantName = "[No Variations]"
Change component parameters (AddParameter): Name = "Mouser Part Number"; Value = "855-M20-7821046"; VariantName = "[No Variations]"
Change component parameters (AddParameter): Name = "Mouser Price/Stock"; Value = "https://www.mouser.co.uk/ProductDetail/Harwin/M20-7821046?qs=Jph8NoUxIfXTsFl0wvOA6g%3D%3D"; VariantName = "[No Variations]"
Change component parameters: Designator = "J3" ("J3"); Footprint = "CONN_M20-78210xx_HRW"; UniqueID = "\JMMIFKRS" ("\JMMIFKRS")
Change component parameters (AddParameter): Name = "Arrow Part Number"; Value = ""; VariantName = "[No Variations]"
Change component parameters (AddParameter): Name = "Arrow Price/Stock"; Value = ""; VariantName = "[No Variations]"
Change component parameters (AddParameter): Name = "Datasheet Link"; Value = "https://cdn.harwin.com/pdfs/M20-782.pdf"; VariantName = "[No Variations]"
Change component parameters (AddParameter): Name = "Height"; Value = "8.65mm"; VariantName = "[No Variations]"
Change component parameters (AddParameter): Name = "Manufacturer_Name"; Value = "Harwin"; VariantName = "[No Variations]"
Change component parameters (AddParameter): Name = "Manufacturer_Part_Number"; Value = "M20-7821046"; VariantName = "[No Variations]"
Change component parameters (AddParameter): Name = "Mouser Part Number"; Value = "855-M20-7821046"; VariantName = "[No Variations]"
Change component parameters (AddParameter): Name = "Mouser Price/Stock"; Value = "https://www.mouser.co.uk/ProductDetail/Harwin/M20-7821046?qs=Jph8NoUxIfXTsFl0wvOA6g%3D%3D"; VariantName = "[No Variations]"
Change Net Name : Old Net Name=NetC?_1 New Net Name=NetC6_1
Change Net Name : Old Net Name=NetC?_2 New Net Name=NetC6_2
